d:\administrativo\microsoft msp\palestras e minicursos\telemetria iot + microsoft azure\projeto do dht\source\windows 10 iot core\dht solution\sensors.dht\arm\release\pch.pch
d:\administrativo\microsoft msp\palestras e minicursos\telemetria iot + microsoft azure\projeto do dht\source\windows 10 iot core\dht solution\sensors.dht\arm\release\vc140.pdb
d:\administrativo\microsoft msp\palestras e minicursos\telemetria iot + microsoft azure\projeto do dht\source\windows 10 iot core\dht solution\sensors.dht\arm\release\pch.obj
d:\administrativo\microsoft msp\palestras e minicursos\telemetria iot + microsoft azure\projeto do dht\source\windows 10 iot core\dht solution\sensors.dht\arm\release\dht11.obj
d:\administrativo\microsoft msp\palestras e minicursos\telemetria iot + microsoft azure\projeto do dht\source\windows 10 iot core\dht solution\sensors.dht\arm\release\dht22.obj
d:\administrativo\microsoft msp\palestras e minicursos\telemetria iot + microsoft azure\projeto do dht\source\windows 10 iot core\dht solution\arm\release\sensors.dht\sensors.dht.dll
d:\administrativo\microsoft msp\palestras e minicursos\telemetria iot + microsoft azure\projeto do dht\source\windows 10 iot core\dht solution\arm\release\sensors.dht\sensors.dht.winmd
d:\administrativo\microsoft msp\palestras e minicursos\telemetria iot + microsoft azure\projeto do dht\source\windows 10 iot core\dht solution\arm\release\sensors.dht\sensors.dht.pdb
d:\administrativo\microsoft msp\palestras e minicursos\telemetria iot + microsoft azure\projeto do dht\source\windows 10 iot core\dht solution\arm\release\sensors.dht\sensors.dht.lib
d:\administrativo\microsoft msp\palestras e minicursos\telemetria iot + microsoft azure\projeto do dht\source\windows 10 iot core\dht solution\arm\release\sensors.dht\sensors.dht.exp
d:\administrativo\microsoft msp\palestras e minicursos\telemetria iot + microsoft azure\projeto do dht\source\windows 10 iot core\dht solution\sensors.dht\arm\release\priconfig.xml
d:\administrativo\microsoft msp\palestras e minicursos\telemetria iot + microsoft azure\projeto do dht\source\windows 10 iot core\dht solution\sensors.dht\arm\release\priconfig.xml.intermediate
d:\administrativo\microsoft msp\palestras e minicursos\telemetria iot + microsoft azure\projeto do dht\source\windows 10 iot core\dht solution\sensors.dht\arm\release\layout.resfiles
d:\administrativo\microsoft msp\palestras e minicursos\telemetria iot + microsoft azure\projeto do dht\source\windows 10 iot core\dht solution\sensors.dht\arm\release\layout.resfiles.intermediate
d:\administrativo\microsoft msp\palestras e minicursos\telemetria iot + microsoft azure\projeto do dht\source\windows 10 iot core\dht solution\sensors.dht\arm\release\resources.resfiles
d:\administrativo\microsoft msp\palestras e minicursos\telemetria iot + microsoft azure\projeto do dht\source\windows 10 iot core\dht solution\sensors.dht\arm\release\resources.resfiles.intermediate
d:\administrativo\microsoft msp\palestras e minicursos\telemetria iot + microsoft azure\projeto do dht\source\windows 10 iot core\dht solution\sensors.dht\arm\release\pri.resfiles
d:\administrativo\microsoft msp\palestras e minicursos\telemetria iot + microsoft azure\projeto do dht\source\windows 10 iot core\dht solution\sensors.dht\arm\release\pri.resfiles.intermediate
d:\administrativo\microsoft msp\palestras e minicursos\telemetria iot + microsoft azure\projeto do dht\source\windows 10 iot core\dht solution\arm\release\sensors.dht\sensors.dht.pri
d:\administrativo\microsoft msp\palestras e minicursos\telemetria iot + microsoft azure\projeto do dht\source\windows 10 iot core\dht solution\sensors.dht\arm\release\qualifiers.txt
d:\administrativo\microsoft msp\palestras e minicursos\telemetria iot + microsoft azure\projeto do dht\source\windows 10 iot core\dht solution\sensors.dht\arm\release\qualifiers.txt.intermediate
d:\administrativo\microsoft msp\palestras e minicursos\telemetria iot + microsoft azure\projeto do dht\source\windows 10 iot core\dht solution\sensors.dht\arm\release\multiplequalifiersperdimensionfound.txt
d:\administrativo\microsoft msp\palestras e minicursos\telemetria iot + microsoft azure\projeto do dht\source\windows 10 iot core\dht solution\sensors.dht\arm\release\sensors.dht.vcxprojresolveassemblyreference.cache
d:\administrativo\microsoft msp\palestras e minicursos\telemetria iot + microsoft azure\projeto do dht\source\windows 10 iot core\dht solution\sensors.dht\arm\release\embed.resfiles
d:\administrativo\microsoft msp\palestras e minicursos\telemetria iot + microsoft azure\projeto do dht\source\windows 10 iot core\dht solution\sensors.dht\arm\release\sensors.dht.tlog\cl.command.1.tlog
d:\administrativo\microsoft msp\palestras e minicursos\telemetria iot + microsoft azure\projeto do dht\source\windows 10 iot core\dht solution\sensors.dht\arm\release\sensors.dht.tlog\cl.read.1.tlog
d:\administrativo\microsoft msp\palestras e minicursos\telemetria iot + microsoft azure\projeto do dht\source\windows 10 iot core\dht solution\sensors.dht\arm\release\sensors.dht.tlog\cl.write.1.tlog
d:\administrativo\microsoft msp\palestras e minicursos\telemetria iot + microsoft azure\projeto do dht\source\windows 10 iot core\dht solution\sensors.dht\arm\release\sensors.dht.tlog\link.command.1.tlog
d:\administrativo\microsoft msp\palestras e minicursos\telemetria iot + microsoft azure\projeto do dht\source\windows 10 iot core\dht solution\sensors.dht\arm\release\sensors.dht.tlog\link.read.1.tlog
d:\administrativo\microsoft msp\palestras e minicursos\telemetria iot + microsoft azure\projeto do dht\source\windows 10 iot core\dht solution\sensors.dht\arm\release\sensors.dht.tlog\link.write.1.tlog
d:\administrativo\microsoft msp\palestras e minicursos\telemetria iot + microsoft azure\projeto do dht\source\windows 10 iot core\dht solution\sensors.dht\arm\release\sensors.dht.tlog\sensors.dht.read.1u.tlog
d:\administrativo\microsoft msp\palestras e minicursos\telemetria iot + microsoft azure\projeto do dht\source\windows 10 iot core\dht solution\sensors.dht\arm\release\sensors.dht.tlog\sensors.dht.write.1u.tlog
